SET_PARAMETER underflow_sense_axi Active_High
SET_PARAMETER programmable_empty_type_wdch No_Programmable_Empty_Threshold
SET_PARAMETER register_slice_mode_axis Fully_Registered
SET_PARAMETER output_depth 32768
SET_PARAMETER enable_data_counts_wdch false
SET_PARAMETER programmable_full_type No_Programmable_Full_Threshold
SET_PARAMETER inject_dbit_error_wrch false
SET_PARAMETER fifo_application_type_wdch Data_FIFO
SET_PARAMETER input_data_width 8
SET_PARAMETER programmable_full_type_axis No_Programmable_Full_Threshold
SET_PARAMETER enable_tkeep false
SET_PARAMETER register_slice_mode_wach Fully_Registered
SET_PARAMETER enable_buser false
SET_PARAMETER enable_read_channel false
SET_PARAMETER enable_tid false
SET_PARAMETER enable_wuser false
SET_PARAMETER enable_awuser false
SET_PARAMETER fifo_implementation_axis Common_Clock_Block_RAM
SET_PARAMETER wuser_width 1
SET_PARAMETER programmable_full_type_wach No_Programmable_Full_Threshold
SET_PARAMETER enable_ecc_axis false
SET_PARAMETER inject_sbit_error_axis false
SET_PARAMETER tstrb_width 4
SET_PARAMETER input_depth_axis 1024
SET_PARAMETER dout_reset_value 0
SET_PARAMETER write_acknowledge_flag false
SET_PARAMETER id_width 4
SET_PARAMETER fifo_implementation_wach Common_Clock_Block_RAM
SET_PARAMETER buser_width 1
SET_PARAMETER full_flags_reset_value 0
SET_PARAMETER axis_type FIFO
SET_PARAMETER full_threshold_assert_value_wdch 1023
SET_PARAMETER tdata_width 64
SET_PARAMETER enable_ecc_wach false
SET_PARAMETER inject_sbit_error_wach false
SET_PARAMETER input_depth_wach 16
SET_PARAMETER write_clock_frequency 1
SET_PARAMETER programmable_empty_type No_Programmable_Empty_Threshold
SET_PARAMETER register_slice_mode_rdch Fully_Registered
SET_PARAMETER inject_dbit_error_wdch false
SET_PARAMETER input_depth 32768
SET_PARAMETER overflow_sense_axi Active_High
SET_PARAMETER tkeep_width 4
SET_PARAMETER valid_flag false
SET_PARAMETER empty_threshold_assert_value_rach 1022
SET_PARAMETER enable_common_overflow false
SET_PARAMETER programmable_full_type_rdch No_Programmable_Full_Threshold
SET_PARAMETER wach_type FIFO
SET_PARAMETER register_slice_mode_wrch Fully_Registered
SET_PARAMETER fifo_implementation_rdch Common_Clock_Block_RAM
SET_PARAMETER programmable_full_type_wrch No_Programmable_Full_Threshold
SET_PARAMETER enable_common_underflow false
SET_PARAMETER overflow_sense Active_High
SET_PARAMETER clock_type_axi Common_Clock
SET_PARAMETER inject_dbit_error false
SET_PARAMETER enable_tdata false
SET_PARAMETER enable_ecc_rdch false
SET_PARAMETER inject_sbit_error_rdch false
SET_PARAMETER data_count_width 15
SET_PARAMETER input_depth_rdch 1024
SET_PARAMETER clock_enable_type Slave_Interface_Clock_Enable
SET_PARAMETER awuser_width 1
SET_PARAMETER fifo_implementation_wrch Common_Clock_Block_RAM
SET_PARAMETER valid_sense Active_High
SET_PARAMETER enable_tuser false
SET_PARAMETER output_data_width 8
SET_PARAMETER enable_ecc_wrch false
SET_PARAMETER inject_sbit_error_wrch false
SET_PARAMETER programmable_empty_type_rach No_Programmable_Empty_Threshold
SET_PARAMETER input_depth_wrch 16
SET_PARAMETER enable_data_counts_rach false
SET_PARAMETER full_threshold_assert_value 32767
SET_PARAMETER fifo_application_type_rach Data_FIFO
SET_PARAMETER add_ngc_constraint_axi false
SET_PARAMETER write_data_count_width 15
SET_PARAMETER overflow_flag false
SET_PARAMETER disable_timing_violations_axi false
SET_PARAMETER empty_threshold_assert_value_axis 1022
SET_PARAMETER tdest_width 4
SET_PARAMETER rach_type FIFO
SET_PARAMETER disable_timing_violations false
SET_PARAMETER register_slice_mode_wdch Fully_Registered
SET_PARAMETER overflow_flag_axi false
SET_PARAMETER synchronization_stages 2
SET_PARAMETER reset_pin true
SET_PARAMETER fifo_implementation Independent_Clocks_Block_RAM
SET_PARAMETER empty_threshold_assert_value_wach 1022
SET_PARAMETER programmable_full_type_wdch No_Programmable_Full_Threshold
SET_PARAMETER enable_tstrobe false
SET_PARAMETER full_threshold_assert_value_rach 1023
SET_PARAMETER fifo_implementation_wdch Common_Clock_Block_RAM
SET_PARAMETER enable_ecc_wdch false
SET_PARAMETER programmable_empty_type_axis No_Programmable_Empty_Threshold
SET_PARAMETER empty_threshold_assert_value 4
SET_PARAMETER inject_sbit_error_wdch false
SET_PARAMETER data_count false
SET_PARAMETER enable_data_counts_axis false
SET_PARAMETER input_depth_wdch 1024
SET_PARAMETER enable_tlast false
SET_PARAMETER inject_dbit_error_rach false
SET_PARAMETER fifo_application_type_axis Data_FIFO
SET_PARAMETER inject_sbit_error false
SET_PARAMETER use_extra_logic false
SET_PARAMETER underflow_flag_axi false
SET_PARAMETER programmable_empty_type_wach No_Programmable_Empty_Threshold
SET_PARAMETER enable_data_counts_wach false
SET_PARAMETER component_name bytefifoFPGA
SET_PARAMETER underflow_sense Active_High
SET_PARAMETER empty_threshold_assert_value_rdch 1022
SET_PARAMETER enable_write_channel false
SET_PARAMETER wdch_type FIFO
SET_PARAMETER ruser_width 1
SET_PARAMETER fifo_application_type_wach Data_FIFO
SET_PARAMETER enable_read_pointer_increment_by2 false
SET_PARAMETER read_clock_frequency 1
SET_PARAMETER full_threshold_negate_value 32766
SET_PARAMETER empty_threshold_assert_value_wrch 1022
SET_PARAMETER almost_empty_flag true
SET_PARAMETER underflow_flag false
SET_PARAMETER full_threshold_assert_value_axis 1023
SET_PARAMETER interface_type Native
SET_PARAMETER reset_type Asynchronous_Reset
SET_PARAMETER wrch_type FIFO
SET_PARAMETER use_dout_reset true
SET_PARAMETER read_data_count_width 15
SET_PARAMETER read_data_count false
SET_PARAMETER inject_dbit_error_axis false
SET_PARAMETER programmable_empty_type_rdch No_Programmable_Empty_Threshold
SET_PARAMETER full_threshold_assert_value_wach 1023
SET_PARAMETER enable_data_counts_rdch false
SET_PARAMETER axi_data_width 64
SET_PARAMETER fifo_application_type_rdch Data_FIFO
SET_PARAMETER write_data_count false
SET_PARAMETER almost_full_flag true
SET_PARAMETER write_acknowledge_sense Active_High
SET_PARAMETER programmable_empty_type_wrch No_Programmable_Empty_Threshold
SET_PARAMETER inject_dbit_error_wach false
SET_PARAMETER register_slice_mode_rach Fully_Registered
SET_PARAMETER rdch_type FIFO
SET_PARAMETER tuser_width 4
SET_PARAMETER enable_data_counts_wrch false
SET_PARAMETER empty_threshold_negate_value 5
SET_PARAMETER fifo_application_type_wrch Data_FIFO
SET_PARAMETER enable_tready true
SET_PARAMETER programmable_full_type_rach No_Programmable_Full_Threshold
SET_PARAMETER use_clock_enable false
SET_PARAMETER empty_threshold_assert_value_wdch 1022
SET_PARAMETER aruser_width 1
SET_PARAMETER enable_ruser false
SET_PARAMETER use_embedded_registers false
SET_PARAMETER performance_options First_Word_Fall_Through
SET_PARAMETER axi_type AXI4_Stream
SET_PARAMETER enable_aruser false
SET_PARAMETER enable_tdest false
SET_PARAMETER fifo_implementation_rach Common_Clock_Block_RAM
SET_PARAMETER full_threshold_assert_value_rdch 1023
SET_PARAMETER enable_ecc_rach false
SET_PARAMETER enable_reset_synchronization true
SET_PARAMETER inject_sbit_error_rach false
SET_PARAMETER axi_address_width 32
SET_PARAMETER input_depth_rach 16
SET_PARAMETER tid_width 8
SET_PARAMETER full_threshold_assert_value_wrch 1023
SET_PARAMETER synchronization_stages_axi 2
SET_PARAMETER inject_dbit_error_rdch false
SET_PARAMETER enable_ecc false
SET_ERROR_CODE 2
SET_ERROR_MSG  CANCEL: Customization cancelled.
SET_ERROR_TEXT Finished initializing IP model.	
