Release 14.2 - ngc2edif P.28xd (nt64)
Copyright (c) 1995-2012 Xilinx, Inc.  All rights reserved.
Reading design hdmi2usb.ngc ...
WARNING:NetListWriters:298 - No output is written to hdmi2usb.xncf, ignored.
Processing design ...
   Preping design's networks ...
   Preping design's macros ...
WARNING:NetListWriters:306 - Signal bus
   hdmi_RX_TX/Mmult_PWR_9_o_rx0_red[7]_MuLt_2_OUT_Madd_cy<15 : 12> on block
   hdmi2usb is not reconstructed, because there are some missing bus signals.
WARNING:NetListWriters:306 - Signal bus hdmi_RX_TX/dvi_tx0/encr/din_q<7 : 0> on
   block hdmi2usb is not reconstructed, because there are some missing bus
   signals.
WARNING:NetListWriters:306 - Signal bus hdmi_RX_TX/dvi_tx0/encg/din_q<7 : 0> on
   block hdmi2usb is not reconstructed, because there are some missing bus
   signals.
WARNING:NetListWriters:306 - Signal bus hdmi_RX_TX/dvi_tx0/encb/din_q<7 : 0> on
   block hdmi2usb is not reconstructed, because there are some missing bus
   signals.
WARNING:NetListWriters:306 - Signal bus jpeg_encoder/_n0287<63 : 25> on block
   hdmi2usb is not reconstructed, because there are some missing bus signals.
WARNING:NetListWriters:306 - Signal bus jpeg_encoder/OPB_ABus_i<9 : 2> on block
   hdmi2usb is not reconstructed, because there are some missing bus signals.
WARNING:NetListWriters:306 - Signal bus
   jpeg_encoder/jpegencoder/U_ByteStuffer/wdata_reg<8 : 0> on block hdmi2usb is
   not reconstructed, because there are some missing bus signals.
WARNING:NetListWriters:306 - Signal bus
   jpeg_encoder/jpegencoder/U_FDCT/fram1_rd_d<8 : 4> on block hdmi2usb is not
   reconstructed, because there are some missing bus signals.
WARNING:NetListWriters:306 - Signal bus
   jpeg_encoder/jpegencoder/U_FDCT/U_MDCT/U_DCT1D/Mmux_dcto_2[21]_dcto_2[21]_mux
   _94_OUT_A_rs_B<19 : 5> on block hdmi2usb is not reconstructed, because there
   are some missing bus signals.
WARNING:NetListWriters:306 - Signal bus
   jpeg_encoder/jpegencoder/U_FDCT/U_MDCT/U_DCT1D/Mmux_dcto_1[21]_dcto_1[21]_mux
   _89_OUT_rs_B<19 : 4> on block hdmi2usb is not reconstructed, because there
   are some missing bus signals.
WARNING:NetListWriters:306 - Signal bus
   jpeg_encoder/jpegencoder/U_FDCT/U_MDCT/U_DCT1D/Mmux_dcto_1[21]_dcto_1[21]_mux
   _89_OUT_A_rs_B<19 : 3> on block hdmi2usb is not reconstructed, because there
   are some missing bus signals.
WARNING:NetListWriters:306 - Signal bus
   jpeg_encoder/jpegencoder/U_FDCT/U_MDCT/U_DCT1D/Mmux_romodatao[0][13]_romedata
   o[0][13]_mux_84_OUT_rs_B<19 : 2> on block hdmi2usb is not reconstructed,
   because there are some missing bus signals.
WARNING:NetListWriters:306 - Signal bus
   jpeg_encoder/jpegencoder/U_FDCT/U_MDCT/U_DCT1D/Mmux_romodatao[0][13]_romedata
   o[0][13]_mux_84_OUT_A_rs_B<19 : 1> on block hdmi2usb is not reconstructed,
   because there are some missing bus signals.
WARNING:NetListWriters:306 - Signal bus
   jpeg_encoder/jpegencoder/U_FDCT/U_MDCT/U_DCT1D/Mmux_romodatao[0][13]_romedata
   o[0][13]_mux_84_OUT_A_rs_A<18 : 1> on block hdmi2usb is not reconstructed,
   because there are some missing bus signals.
WARNING:NetListWriters:306 - Signal bus
   jpeg_encoder/jpegencoder/U_FDCT/U_MDCT/U_DCT1D/stage2_cnt_reg<5 : 0> on block
   hdmi2usb is not reconstructed, because there are some missing bus signals.
WARNING:NetListWriters:306 - Signal bus
   jpeg_encoder/jpegencoder/U_FDCT/U_MDCT/U_DCT2D/dcto_1<23 : 0> on block
   hdmi2usb is not reconstructed, because there are some missing bus signals.
WARNING:NetListWriters:306 - Signal bus
   jpeg_encoder/jpegencoder/U_FDCT/U_MDCT/U_DCT2D/Mmux_dcto_2[23]_dcto_2[23]_mux
   _98_OUT_A_rs_B<19 : 5> on block hdmi2usb is not reconstructed, because there
   are some missing bus signals.
WARNING:NetListWriters:306 - Signal bus
   jpeg_encoder/jpegencoder/U_FDCT/U_MDCT/U_DCT2D/Mmux_dcto_1[23]_dcto_1[23]_mux
   _93_OUT_rs_B<19 : 4> on block hdmi2usb is not reconstructed, because there
   are some missing bus signals.
WARNING:NetListWriters:306 - Signal bus
   jpeg_encoder/jpegencoder/U_FDCT/U_MDCT/U_DCT2D/Mmux_dcto_1[23]_dcto_1[23]_mux
   _93_OUT_A_rs_B<19 : 3> on block hdmi2usb is not reconstructed, because there
   are some missing bus signals.
WARNING:NetListWriters:306 - Signal bus
   jpeg_encoder/jpegencoder/U_FDCT/U_MDCT/U_DCT2D/romodatao[0][13]_romedatao[0][
   13]_mux_88_OUT<23 : 0> on block hdmi2usb is not reconstructed, because there
   are some missing bus signals.
WARNING:NetListWriters:306 - Signal bus
   jpeg_encoder/jpegencoder/U_FDCT/U_MDCT/U_DCT2D/Mmux_romodatao[0][13]_romedata
   o[0][13]_mux_88_OUT_rs_B<19 : 2> on block hdmi2usb is not reconstructed,
   because there are some missing bus signals.
WARNING:NetListWriters:306 - Signal bus
   jpeg_encoder/jpegencoder/U_FDCT/U_MDCT/U_DCT2D/Mmux_romodatao[0][13]_romedata
   o[0][13]_mux_88_OUT_A_rs_B<19 : 1> on block hdmi2usb is not reconstructed,
   because there are some missing bus signals.
WARNING:NetListWriters:306 - Signal bus
   jpeg_encoder/jpegencoder/U_FDCT/U_MDCT/U_DCT2D/Mmux_romodatao[0][13]_romedata
   o[0][13]_mux_88_OUT_A_rs_A<18 : 1> on block hdmi2usb is not reconstructed,
   because there are some missing bus signals.
WARNING:NetListWriters:306 - Signal bus
   jpeg_encoder/jpegencoder/U_Huffman/Madd_bit_ptr[4]_VLC_size[4]_add_227_OUT_cy
   <3 : 0> on block hdmi2usb is not reconstructed, because there are some
   missing bus signals.
WARNING:NetListWriters:306 - Signal bus
   jpeg_encoder/jpegencoder/U_Huffman/Madd_bit_ptr[4]_VLI_ext_size[4]_add_423_OU
   T_cy<3 : 0> on block hdmi2usb is not reconstructed, because there are some
   missing bus signals.
WARNING:NetListWriters:306 - Signal bus
   jpeg_encoder/jpegencoder/U_Huffman/GND_111_o_Decoder_293_OUT<22 : 0> on block
   hdmi2usb is not reconstructed, because there are some missing bus signals.
WARNING:NetListWriters:306 - Signal bus
   jpeg_encoder/jpegencoder/U_Huffman/GND_111_o_Decoder_357_OUT<22 : 0> on block
   hdmi2usb is not reconstructed, because there are some missing bus signals.
WARNING:NetListWriters:306 - Signal bus
   jpeg_encoder/jpegencoder/U_Huffman/GND_111_o_Decoder_261_OUT<22 : 0> on block
   hdmi2usb is not reconstructed, because there are some missing bus signals.
WARNING:NetListWriters:306 - Signal bus
   jpeg_encoder/jpegencoder/U_Huffman/GND_111_o_Decoder_365_OUT<20 : 0> on block
   hdmi2usb is not reconstructed, because there are some missing bus signals.
WARNING:NetListWriters:306 - Signal bus
   jpeg_encoder/jpegencoder/U_Huffman/GND_111_o_Decoder_301_OUT<20 : 17> on
   block hdmi2usb is not reconstructed, because there are some missing bus
   signals.
WARNING:NetListWriters:306 - Signal bus
   jpeg_encoder/jpegencoder/U_Huffman/GND_111_o_Decoder_381_OUT<15 : 7> on block
   hdmi2usb is not reconstructed, because there are some missing bus signals.
WARNING:NetListWriters:306 - Signal bus
   jpeg_encoder/jpegencoder/U_Huffman/GND_111_o_Decoder_277_OUT<19 : 3> on block
   hdmi2usb is not reconstructed, because there are some missing bus signals.
WARNING:NetListWriters:306 - Signal bus
   jpeg_encoder/jpegencoder/U_Huffman/GND_111_o_Decoder_421_OUT<13 : 9> on block
   hdmi2usb is not reconstructed, because there are some missing bus signals.
WARNING:NetListWriters:306 - Signal bus
   jpeg_encoder/jpegencoder/U_Huffman/GND_111_o_Decoder_325_OUT<21 : 13> on
   block hdmi2usb is not reconstructed, because there are some missing bus
   signals.
WARNING:NetListWriters:306 - Signal bus
   jpeg_encoder/jpegencoder/U_Huffman/VLC_CR_AC[15]_GND_111_o_mux_11_OUT<15 : 0>
   on block hdmi2usb is not reconstructed, because there are some missing bus
   signals.
WARNING:NetListWriters:306 - Signal bus
   jpeg_encoder/jpegencoder/U_Huffman/VLC<15 : 0> on block hdmi2usb is not
   reconstructed, because there are some missing bus signals.
WARNING:NetListWriters:306 - Signal bus
   jpeg_encoder/jpegencoder/U_Huffman/U_DC_CR_ROM/VLC_DC<10 : 0> on block
   hdmi2usb is not reconstructed, because there are some missing bus signals.
WARNING:NetListWriters:306 - Signal bus
   jpeg_encoder/jpegencoder/U_Huffman/U_DC_ROM/VLC_DC<7 : 0> on block hdmi2usb
   is not reconstructed, because there are some missing bus signals.
WARNING:NetListWriters:306 - Signal bus
   jpeg_encoder/jpegencoder/U_Huffman/U_AC_CR_ROM/VLC_AC<14 : 0> on block
   hdmi2usb is not reconstructed, because there are some missing bus signals.
WARNING:NetListWriters:306 - Signal bus
   jpeg_encoder/jpegencoder/U_Huffman/U_AC_ROM/VLC_AC<14 : 0> on block hdmi2usb
   is not reconstructed, because there are some missing bus signals.
WARNING:NetListWriters:306 - Signal bus
   jpeg_encoder/jpegencoder/U_Huffman/U_AC_ROM/VLI_size[3]_GND_113_o_wide_mux_2_
   OUT<9 : 2> on block hdmi2usb is not reconstructed, because there are some
   missing bus signals.
WARNING:NetListWriters:306 - Signal bus
   jpeg_encoder/jpegencoder/U_Huffman/U_AC_ROM/VLI_size[3]_GND_113_o_wide_mux_4_
   OUT<10 : 0> on block hdmi2usb is not reconstructed, because there are some
   missing bus signals.
WARNING:NetListWriters:306 - Signal bus
   jpeg_encoder/jpegencoder/U_Huffman/U_AC_ROM/VLI_size[3]_GND_113_o_wide_mux_10
   _OUT<5 : 1> on block hdmi2usb is not reconstructed, because there are some
   missing bus signals.
WARNING:NetListWriters:306 - Signal bus
   jpeg_encoder/jpegencoder/U_Huffman/U_AC_ROM/VLI_size[3]_GND_113_o_wide_mux_18
   _OUT<5 : 0> on block hdmi2usb is not reconstructed, because there are some
   missing bus signals.
WARNING:NetListWriters:306 - Signal bus
   jpeg_encoder/jpegencoder/U_Huffman/U_AC_ROM/VLI_size[3]_GND_113_o_wide_mux_20
   _OUT<6 : 0> on block hdmi2usb is not reconstructed, because there are some
   missing bus signals.
WARNING:NetListWriters:306 - Signal bus
   jpeg_encoder/jpegencoder/U_Huffman/U_AC_ROM/VLI_size[3]_GND_113_o_wide_mux_24
   _OUT<3 : 1> on block hdmi2usb is not reconstructed, because there are some
   missing bus signals.
WARNING:NetListWriters:306 - Signal bus
   jpeg_encoder/jpegencoder/U_Huffman/U_AC_ROM/VLI_size[3]_GND_113_o_wide_mux_26
   _OUT<5 : 2> on block hdmi2usb is not reconstructed, because there are some
   missing bus signals.
WARNING:NetListWriters:306 - Signal bus
   jpeg_encoder/jpegencoder/U_Huffman/U_AC_ROM/VLI_size[3]_GND_113_o_wide_mux_28
   _OUT<3 : 0> on block hdmi2usb is not reconstructed, because there are some
   missing bus signals.
WARNING:NetListWriters:306 - Signal bus
   jpeg_encoder/jpegencoder/U_Huffman/U_AC_ROM/VLI_size[3]_GND_113_o_wide_mux_32
   _OUT<6 : 0> on block hdmi2usb is not reconstructed, because there are some
   missing bus signals.
WARNING:NetListWriters:306 - Signal bus
   jpeg_encoder/jpegencoder/U_Huffman/U_AC_ROM/runlength[3]_VLI_size[3]_wide_mux
   _34_OUT<14 : 0> on block hdmi2usb is not reconstructed, because there are
   some missing bus signals.
WARNING:NetListWriters:306 - Signal bus
   jpeg_encoder/jpegencoder/U_Huffman/U_AC_CR_ROM/VLI_size[3]_GND_115_o_wide_mux
   _2_OUT<3 : 1> on block hdmi2usb is not reconstructed, because there are some
   missing bus signals.
WARNING:NetListWriters:306 - Signal bus
   jpeg_encoder/jpegencoder/U_Huffman/U_AC_CR_ROM/VLI_size[3]_GND_115_o_wide_mux
   _4_OUT<5 : 1> on block hdmi2usb is not reconstructed, because there are some
   missing bus signals.
WARNING:NetListWriters:306 - Signal bus
   jpeg_encoder/jpegencoder/U_Huffman/U_AC_CR_ROM/VLI_size[3]_GND_115_o_wide_mux
   _6_OUT<4 : 1> on block hdmi2usb is not reconstructed, because there are some
   missing bus signals.
WARNING:NetListWriters:306 - Signal bus
   jpeg_encoder/jpegencoder/U_Huffman/U_AC_CR_ROM/VLI_size[3]_GND_115_o_wide_mux
   _12_OUT<5 : 0> on block hdmi2usb is not reconstructed, because there are some
   missing bus signals.
WARNING:NetListWriters:306 - Signal bus
   jpeg_encoder/jpegencoder/U_Huffman/U_AC_CR_ROM/VLI_size[3]_GND_115_o_wide_mux
   _26_OUT<5 : 2> on block hdmi2usb is not reconstructed, because there are some
   missing bus signals.
WARNING:NetListWriters:306 - Signal bus
   jpeg_encoder/jpegencoder/U_Huffman/U_AC_CR_ROM/VLI_size[3]_GND_115_o_wide_mux
   _32_OUT<5 : 1> on block hdmi2usb is not reconstructed, because there are some
   missing bus signals.
WARNING:NetListWriters:306 - Signal bus
   jpeg_encoder/jpegencoder/U_Huffman/U_AC_CR_ROM/runlength[3]_VLI_size[3]_wide_
   mux_34_OUT<14 : 0> on block hdmi2usb is not reconstructed, because there are
   some missing bus signals.
  finished :Prep
Writing EDIF netlist file hdmi2usb.edif ...
ngc2edif: Total memory usage is 107264 kilobytes

Release 14.2 - ngc2edif P.28xd (nt64)
Copyright (c) 1995-2012 Xilinx, Inc.  All rights reserved.
Reading design rgbfifo.ngc ...
WARNING:NetListWriters:298 - No output is written to rgbfifo.xncf, ignored.
Processing design ...
   Preping design's networks ...
   Preping design's macros ...
WARNING:NetListWriters:306 - Signal bus
   U0/xst_fifo_generator/gconvfifo.rf/grf.rf/gntv_or_sync_fifo.gl0.rd/rpntr/gc0.
   count[9]_GND_23_o_add_0_OUT<9 : 1> on block rgbfifo is not reconstructed,
   because there are some missing bus signals.
  finished :Prep
Writing EDIF netlist file rgbfifo.edif ...
ngc2edif: Total memory usage is 82624 kilobytes

Release 14.2 - ngc2edif P.28xd (nt64)
Copyright (c) 1995-2012 Xilinx, Inc.  All rights reserved.
Reading design bytefifo.ngc ...
WARNING:NetListWriters:298 - No output is written to bytefifo.xncf, ignored.
Processing design ...
   Preping design's networks ...
   Preping design's macros ...
  finished :Prep
Writing EDIF netlist file bytefifo.edif ...
ngc2edif: Total memory usage is 79808 kilobytes

Release 14.2 - ngc2edif P.28xd (nt64)
Copyright (c) 1995-2012 Xilinx, Inc.  All rights reserved.
Reading design hdmi2usb.ngc ...
WARNING:NetListWriters:298 - No output is written to hdmi2usb.xncf, ignored.
Processing design ...
   Preping design's networks ...
   Preping design's macros ...
WARNING:NetListWriters:306 - Signal bus
   hdmi_RX_TX/Mmult_PWR_9_o_rx0_red[7]_MuLt_2_OUT_Madd_cy<15 : 12> on block
   hdmi2usb is not reconstructed, because there are some missing bus signals.
WARNING:NetListWriters:306 - Signal bus hdmi_RX_TX/dvi_tx0/encr/din_q<7 : 0> on
   block hdmi2usb is not reconstructed, because there are some missing bus
   signals.
WARNING:NetListWriters:306 - Signal bus hdmi_RX_TX/dvi_tx0/encg/din_q<7 : 0> on
   block hdmi2usb is not reconstructed, because there are some missing bus
   signals.
WARNING:NetListWriters:306 - Signal bus hdmi_RX_TX/dvi_tx0/encb/din_q<7 : 0> on
   block hdmi2usb is not reconstructed, because there are some missing bus
   signals.
WARNING:NetListWriters:306 - Signal bus jpeg_encoder/_n0287<63 : 25> on block
   hdmi2usb is not reconstructed, because there are some missing bus signals.
WARNING:NetListWriters:306 - Signal bus jpeg_encoder/OPB_ABus_i<9 : 2> on block
   hdmi2usb is not reconstructed, because there are some missing bus signals.
WARNING:NetListWriters:306 - Signal bus
   jpeg_encoder/jpegencoder/U_ByteStuffer/wdata_reg<8 : 0> on block hdmi2usb is
   not reconstructed, because there are some missing bus signals.
WARNING:NetListWriters:306 - Signal bus
   jpeg_encoder/jpegencoder/U_FDCT/fram1_rd_d<8 : 4> on block hdmi2usb is not
   reconstructed, because there are some missing bus signals.
WARNING:NetListWriters:306 - Signal bus
   jpeg_encoder/jpegencoder/U_FDCT/U_MDCT/U_DCT1D/Mmux_dcto_2[21]_dcto_2[21]_mux
   _94_OUT_A_rs_B<19 : 5> on block hdmi2usb is not reconstructed, because there
   are some missing bus signals.
WARNING:NetListWriters:306 - Signal bus
   jpeg_encoder/jpegencoder/U_FDCT/U_MDCT/U_DCT1D/Mmux_dcto_1[21]_dcto_1[21]_mux
   _89_OUT_rs_B<19 : 4> on block hdmi2usb is not reconstructed, because there
   are some missing bus signals.
WARNING:NetListWriters:306 - Signal bus
   jpeg_encoder/jpegencoder/U_FDCT/U_MDCT/U_DCT1D/Mmux_dcto_1[21]_dcto_1[21]_mux
   _89_OUT_A_rs_B<19 : 3> on block hdmi2usb is not reconstructed, because there
   are some missing bus signals.
WARNING:NetListWriters:306 - Signal bus
   jpeg_encoder/jpegencoder/U_FDCT/U_MDCT/U_DCT1D/Mmux_romodatao[0][13]_romedata
   o[0][13]_mux_84_OUT_rs_B<19 : 2> on block hdmi2usb is not reconstructed,
   because there are some missing bus signals.
WARNING:NetListWriters:306 - Signal bus
   jpeg_encoder/jpegencoder/U_FDCT/U_MDCT/U_DCT1D/Mmux_romodatao[0][13]_romedata
   o[0][13]_mux_84_OUT_A_rs_B<19 : 1> on block hdmi2usb is not reconstructed,
   because there are some missing bus signals.
WARNING:NetListWriters:306 - Signal bus
   jpeg_encoder/jpegencoder/U_FDCT/U_MDCT/U_DCT1D/Mmux_romodatao[0][13]_romedata
   o[0][13]_mux_84_OUT_A_rs_A<18 : 1> on block hdmi2usb is not reconstructed,
   because there are some missing bus signals.
WARNING:NetListWriters:306 - Signal bus
   jpeg_encoder/jpegencoder/U_FDCT/U_MDCT/U_DCT1D/stage2_cnt_reg<5 : 0> on block
   hdmi2usb is not reconstructed, because there are some missing bus signals.
WARNING:NetListWriters:306 - Signal bus
   jpeg_encoder/jpegencoder/U_FDCT/U_MDCT/U_DCT2D/dcto_1<23 : 0> on block
   hdmi2usb is not reconstructed, because there are some missing bus signals.
WARNING:NetListWriters:306 - Signal bus
   jpeg_encoder/jpegencoder/U_FDCT/U_MDCT/U_DCT2D/Mmux_dcto_2[23]_dcto_2[23]_mux
   _98_OUT_A_rs_B<19 : 5> on block hdmi2usb is not reconstructed, because there
   are some missing bus signals.
WARNING:NetListWriters:306 - Signal bus
   jpeg_encoder/jpegencoder/U_FDCT/U_MDCT/U_DCT2D/Mmux_dcto_1[23]_dcto_1[23]_mux
   _93_OUT_rs_B<19 : 4> on block hdmi2usb is not reconstructed, because there
   are some missing bus signals.
WARNING:NetListWriters:306 - Signal bus
   jpeg_encoder/jpegencoder/U_FDCT/U_MDCT/U_DCT2D/Mmux_dcto_1[23]_dcto_1[23]_mux
   _93_OUT_A_rs_B<19 : 3> on block hdmi2usb is not reconstructed, because there
   are some missing bus signals.
WARNING:NetListWriters:306 - Signal bus
   jpeg_encoder/jpegencoder/U_FDCT/U_MDCT/U_DCT2D/romodatao[0][13]_romedatao[0][
   13]_mux_88_OUT<23 : 0> on block hdmi2usb is not reconstructed, because there
   are some missing bus signals.
WARNING:NetListWriters:306 - Signal bus
   jpeg_encoder/jpegencoder/U_FDCT/U_MDCT/U_DCT2D/Mmux_romodatao[0][13]_romedata
   o[0][13]_mux_88_OUT_rs_B<19 : 2> on block hdmi2usb is not reconstructed,
   because there are some missing bus signals.
WARNING:NetListWriters:306 - Signal bus
   jpeg_encoder/jpegencoder/U_FDCT/U_MDCT/U_DCT2D/Mmux_romodatao[0][13]_romedata
   o[0][13]_mux_88_OUT_A_rs_B<19 : 1> on block hdmi2usb is not reconstructed,
   because there are some missing bus signals.
WARNING:NetListWriters:306 - Signal bus
   jpeg_encoder/jpegencoder/U_FDCT/U_MDCT/U_DCT2D/Mmux_romodatao[0][13]_romedata
   o[0][13]_mux_88_OUT_A_rs_A<18 : 1> on block hdmi2usb is not reconstructed,
   because there are some missing bus signals.
WARNING:NetListWriters:306 - Signal bus
   jpeg_encoder/jpegencoder/U_Huffman/Madd_bit_ptr[4]_VLC_size[4]_add_227_OUT_cy
   <3 : 0> on block hdmi2usb is not reconstructed, because there are some
   missing bus signals.
WARNING:NetListWriters:306 - Signal bus
   jpeg_encoder/jpegencoder/U_Huffman/Madd_bit_ptr[4]_VLI_ext_size[4]_add_423_OU
   T_cy<3 : 0> on block hdmi2usb is not reconstructed, because there are some
   missing bus signals.
WARNING:NetListWriters:306 - Signal bus
   jpeg_encoder/jpegencoder/U_Huffman/GND_111_o_Decoder_293_OUT<22 : 0> on block
   hdmi2usb is not reconstructed, because there are some missing bus signals.
WARNING:NetListWriters:306 - Signal bus
   jpeg_encoder/jpegencoder/U_Huffman/GND_111_o_Decoder_357_OUT<22 : 0> on block
   hdmi2usb is not reconstructed, because there are some missing bus signals.
WARNING:NetListWriters:306 - Signal bus
   jpeg_encoder/jpegencoder/U_Huffman/GND_111_o_Decoder_261_OUT<22 : 0> on block
   hdmi2usb is not reconstructed, because there are some missing bus signals.
WARNING:NetListWriters:306 - Signal bus
   jpeg_encoder/jpegencoder/U_Huffman/GND_111_o_Decoder_365_OUT<20 : 0> on block
   hdmi2usb is not reconstructed, because there are some missing bus signals.
WARNING:NetListWriters:306 - Signal bus
   jpeg_encoder/jpegencoder/U_Huffman/GND_111_o_Decoder_301_OUT<20 : 17> on
   block hdmi2usb is not reconstructed, because there are some missing bus
   signals.
WARNING:NetListWriters:306 - Signal bus
   jpeg_encoder/jpegencoder/U_Huffman/GND_111_o_Decoder_381_OUT<15 : 7> on block
   hdmi2usb is not reconstructed, because there are some missing bus signals.
WARNING:NetListWriters:306 - Signal bus
   jpeg_encoder/jpegencoder/U_Huffman/GND_111_o_Decoder_277_OUT<19 : 3> on block
   hdmi2usb is not reconstructed, because there are some missing bus signals.
WARNING:NetListWriters:306 - Signal bus
   jpeg_encoder/jpegencoder/U_Huffman/GND_111_o_Decoder_421_OUT<13 : 9> on block
   hdmi2usb is not reconstructed, because there are some missing bus signals.
WARNING:NetListWriters:306 - Signal bus
   jpeg_encoder/jpegencoder/U_Huffman/GND_111_o_Decoder_325_OUT<21 : 13> on
   block hdmi2usb is not reconstructed, because there are some missing bus
   signals.
WARNING:NetListWriters:306 - Signal bus
   jpeg_encoder/jpegencoder/U_Huffman/VLC_CR_AC[15]_GND_111_o_mux_11_OUT<15 : 0>
   on block hdmi2usb is not reconstructed, because there are some missing bus
   signals.
WARNING:NetListWriters:306 - Signal bus
   jpeg_encoder/jpegencoder/U_Huffman/VLC<15 : 0> on block hdmi2usb is not
   reconstructed, because there are some missing bus signals.
WARNING:NetListWriters:306 - Signal bus
   jpeg_encoder/jpegencoder/U_Huffman/U_DC_CR_ROM/VLC_DC<10 : 0> on block
   hdmi2usb is not reconstructed, because there are some missing bus signals.
WARNING:NetListWriters:306 - Signal bus
   jpeg_encoder/jpegencoder/U_Huffman/U_DC_ROM/VLC_DC<7 : 0> on block hdmi2usb
   is not reconstructed, because there are some missing bus signals.
WARNING:NetListWriters:306 - Signal bus
   jpeg_encoder/jpegencoder/U_Huffman/U_AC_CR_ROM/VLC_AC<14 : 0> on block
   hdmi2usb is not reconstructed, because there are some missing bus signals.
WARNING:NetListWriters:306 - Signal bus
   jpeg_encoder/jpegencoder/U_Huffman/U_AC_ROM/VLC_AC<14 : 0> on block hdmi2usb
   is not reconstructed, because there are some missing bus signals.
WARNING:NetListWriters:306 - Signal bus
   jpeg_encoder/jpegencoder/U_Huffman/U_AC_ROM/VLI_size[3]_GND_113_o_wide_mux_2_
   OUT<9 : 2> on block hdmi2usb is not reconstructed, because there are some
   missing bus signals.
WARNING:NetListWriters:306 - Signal bus
   jpeg_encoder/jpegencoder/U_Huffman/U_AC_ROM/VLI_size[3]_GND_113_o_wide_mux_4_
   OUT<10 : 0> on block hdmi2usb is not reconstructed, because there are some
   missing bus signals.
WARNING:NetListWriters:306 - Signal bus
   jpeg_encoder/jpegencoder/U_Huffman/U_AC_ROM/VLI_size[3]_GND_113_o_wide_mux_10
   _OUT<5 : 1> on block hdmi2usb is not reconstructed, because there are some
   missing bus signals.
WARNING:NetListWriters:306 - Signal bus
   jpeg_encoder/jpegencoder/U_Huffman/U_AC_ROM/VLI_size[3]_GND_113_o_wide_mux_18
   _OUT<5 : 0> on block hdmi2usb is not reconstructed, because there are some
   missing bus signals.
WARNING:NetListWriters:306 - Signal bus
   jpeg_encoder/jpegencoder/U_Huffman/U_AC_ROM/VLI_size[3]_GND_113_o_wide_mux_20
   _OUT<6 : 0> on block hdmi2usb is not reconstructed, because there are some
   missing bus signals.
WARNING:NetListWriters:306 - Signal bus
   jpeg_encoder/jpegencoder/U_Huffman/U_AC_ROM/VLI_size[3]_GND_113_o_wide_mux_24
   _OUT<3 : 1> on block hdmi2usb is not reconstructed, because there are some
   missing bus signals.
WARNING:NetListWriters:306 - Signal bus
   jpeg_encoder/jpegencoder/U_Huffman/U_AC_ROM/VLI_size[3]_GND_113_o_wide_mux_26
   _OUT<5 : 2> on block hdmi2usb is not reconstructed, because there are some
   missing bus signals.
WARNING:NetListWriters:306 - Signal bus
   jpeg_encoder/jpegencoder/U_Huffman/U_AC_ROM/VLI_size[3]_GND_113_o_wide_mux_28
   _OUT<3 : 0> on block hdmi2usb is not reconstructed, because there are some
   missing bus signals.
WARNING:NetListWriters:306 - Signal bus
   jpeg_encoder/jpegencoder/U_Huffman/U_AC_ROM/VLI_size[3]_GND_113_o_wide_mux_32
   _OUT<6 : 0> on block hdmi2usb is not reconstructed, because there are some
   missing bus signals.
WARNING:NetListWriters:306 - Signal bus
   jpeg_encoder/jpegencoder/U_Huffman/U_AC_ROM/runlength[3]_VLI_size[3]_wide_mux
   _34_OUT<14 : 0> on block hdmi2usb is not reconstructed, because there are
   some missing bus signals.
WARNING:NetListWriters:306 - Signal bus
   jpeg_encoder/jpegencoder/U_Huffman/U_AC_CR_ROM/VLI_size[3]_GND_115_o_wide_mux
   _2_OUT<3 : 1> on block hdmi2usb is not reconstructed, because there are some
   missing bus signals.
WARNING:NetListWriters:306 - Signal bus
   jpeg_encoder/jpegencoder/U_Huffman/U_AC_CR_ROM/VLI_size[3]_GND_115_o_wide_mux
   _4_OUT<5 : 1> on block hdmi2usb is not reconstructed, because there are some
   missing bus signals.
WARNING:NetListWriters:306 - Signal bus
   jpeg_encoder/jpegencoder/U_Huffman/U_AC_CR_ROM/VLI_size[3]_GND_115_o_wide_mux
   _6_OUT<4 : 1> on block hdmi2usb is not reconstructed, because there are some
   missing bus signals.
WARNING:NetListWriters:306 - Signal bus
   jpeg_encoder/jpegencoder/U_Huffman/U_AC_CR_ROM/VLI_size[3]_GND_115_o_wide_mux
   _12_OUT<5 : 0> on block hdmi2usb is not reconstructed, because there are some
   missing bus signals.
WARNING:NetListWriters:306 - Signal bus
   jpeg_encoder/jpegencoder/U_Huffman/U_AC_CR_ROM/VLI_size[3]_GND_115_o_wide_mux
   _26_OUT<5 : 2> on block hdmi2usb is not reconstructed, because there are some
   missing bus signals.
WARNING:NetListWriters:306 - Signal bus
   jpeg_encoder/jpegencoder/U_Huffman/U_AC_CR_ROM/VLI_size[3]_GND_115_o_wide_mux
   _32_OUT<5 : 1> on block hdmi2usb is not reconstructed, because there are some
   missing bus signals.
WARNING:NetListWriters:306 - Signal bus
   jpeg_encoder/jpegencoder/U_Huffman/U_AC_CR_ROM/runlength[3]_VLI_size[3]_wide_
   mux_34_OUT<14 : 0> on block hdmi2usb is not reconstructed, because there are
   some missing bus signals.
  finished :Prep
Writing EDIF netlist file hdmi2usb.edif ...
ngc2edif: Total memory usage is 107264 kilobytes

Release 14.2 - ngc2edif P.28xd (nt64)
Copyright (c) 1995-2012 Xilinx, Inc.  All rights reserved.
Reading design rgbfifo.ngc ...
WARNING:NetListWriters:298 - No output is written to rgbfifo.xncf, ignored.
Processing design ...
   Preping design's networks ...
   Preping design's macros ...
WARNING:NetListWriters:306 - Signal bus
   U0/xst_fifo_generator/gconvfifo.rf/grf.rf/gntv_or_sync_fifo.gl0.rd/rpntr/gc0.
   count[9]_GND_23_o_add_0_OUT<9 : 1> on block rgbfifo is not reconstructed,
   because there are some missing bus signals.
  finished :Prep
Writing EDIF netlist file rgbfifo.edif ...
ngc2edif: Total memory usage is 82048 kilobytes

Release 14.2 - ngc2edif P.28xd (nt64)
Copyright (c) 1995-2012 Xilinx, Inc.  All rights reserved.
Reading design bytefifo.ngc ...
WARNING:NetListWriters:298 - No output is written to bytefifo.xncf, ignored.
Processing design ...
   Preping design's networks ...
   Preping design's macros ...
  finished :Prep
Writing EDIF netlist file bytefifo.edif ...
ngc2edif: Total memory usage is 80064 kilobytes

Release 14.2 - ngc2edif P.28xd (nt64)
Copyright (c) 1995-2012 Xilinx, Inc.  All rights reserved.
Reading design hdmi2usb.ngc ...
WARNING:NetListWriters:298 - No output is written to hdmi2usb.xncf, ignored.
Processing design ...
   Preping design's networks ...
   Preping design's macros ...
WARNING:NetListWriters:306 - Signal bus
   hdmi_RX_TX/Mmult_PWR_9_o_rx0_red[7]_MuLt_2_OUT_Madd_cy[15 : 12] on block
   hdmi2usb is not reconstructed, because there are some missing bus signals.
WARNING:NetListWriters:306 - Signal bus hdmi_RX_TX/dvi_tx0/encr/din_q[7 : 0] on
   block hdmi2usb is not reconstructed, because there are some missing bus
   signals.
WARNING:NetListWriters:306 - Signal bus hdmi_RX_TX/dvi_tx0/encg/din_q[7 : 0] on
   block hdmi2usb is not reconstructed, because there are some missing bus
   signals.
WARNING:NetListWriters:306 - Signal bus hdmi_RX_TX/dvi_tx0/encb/din_q[7 : 0] on
   block hdmi2usb is not reconstructed, because there are some missing bus
   signals.
WARNING:NetListWriters:306 - Signal bus jpeg_encoder/_n0289[63 : 25] on block
   hdmi2usb is not reconstructed, because there are some missing bus signals.
WARNING:NetListWriters:306 - Signal bus jpeg_encoder/OPB_ABus_i[9 : 2] on block
   hdmi2usb is not reconstructed, because there are some missing bus signals.
WARNING:NetListWriters:306 - Signal bus
   jpeg_encoder/jpegencoder/U_FDCT/fram1_rd_d[8 : 4] on block hdmi2usb is not
   reconstructed, because there are some missing bus signals.
WARNING:NetListWriters:306 - Signal bus
   jpeg_encoder/jpegencoder/U_FDCT/U_MDCT/U_DCT1D/Mmux_dcto_2[21]_dcto_2[21]_mux
   _94_OUT_A_rs_B[19 : 5] on block hdmi2usb is not reconstructed, because there
   are some missing bus signals.
WARNING:NetListWriters:306 - Signal bus
   jpeg_encoder/jpegencoder/U_FDCT/U_MDCT/U_DCT1D/Mmux_dcto_1[21]_dcto_1[21]_mux
   _89_OUT_rs_B[19 : 4] on block hdmi2usb is not reconstructed, because there
   are some missing bus signals.
WARNING:NetListWriters:306 - Signal bus
   jpeg_encoder/jpegencoder/U_FDCT/U_MDCT/U_DCT1D/Mmux_dcto_1[21]_dcto_1[21]_mux
   _89_OUT_A_rs_B[19 : 3] on block hdmi2usb is not reconstructed, because there
   are some missing bus signals.
WARNING:NetListWriters:306 - Signal bus
   jpeg_encoder/jpegencoder/U_FDCT/U_MDCT/U_DCT1D/Mmux_romodatao[0][13]_romedata
   o[0][13]_mux_84_OUT_rs_B[19 : 2] on block hdmi2usb is not reconstructed,
   because there are some missing bus signals.
WARNING:NetListWriters:306 - Signal bus
   jpeg_encoder/jpegencoder/U_FDCT/U_MDCT/U_DCT1D/Mmux_romodatao[0][13]_romedata
   o[0][13]_mux_84_OUT_A_rs_B[19 : 1] on block hdmi2usb is not reconstructed,
   because there are some missing bus signals.
WARNING:NetListWriters:306 - Signal bus
   jpeg_encoder/jpegencoder/U_FDCT/U_MDCT/U_DCT1D/Mmux_romodatao[0][13]_romedata
   o[0][13]_mux_84_OUT_A_rs_A[18 : 1] on block hdmi2usb is not reconstructed,
   because there are some missing bus signals.
WARNING:NetListWriters:306 - Signal bus
   jpeg_encoder/jpegencoder/U_FDCT/U_MDCT/U_DCT1D/stage2_cnt_reg[5 : 0] on block
   hdmi2usb is not reconstructed, because there are some missing bus signals.
WARNING:NetListWriters:306 - Signal bus
   jpeg_encoder/jpegencoder/U_FDCT/U_MDCT/U_DCT2D/dcto_1[23 : 0] on block
   hdmi2usb is not reconstructed, because there are some missing bus signals.
WARNING:NetListWriters:306 - Signal bus
   jpeg_encoder/jpegencoder/U_FDCT/U_MDCT/U_DCT2D/Mmux_dcto_2[23]_dcto_2[23]_mux
   _98_OUT_A_rs_B[19 : 5] on block hdmi2usb is not reconstructed, because there
   are some missing bus signals.
WARNING:NetListWriters:306 - Signal bus
   jpeg_encoder/jpegencoder/U_FDCT/U_MDCT/U_DCT2D/Mmux_dcto_1[23]_dcto_1[23]_mux
   _93_OUT_rs_B[19 : 4] on block hdmi2usb is not reconstructed, because there
   are some missing bus signals.
WARNING:NetListWriters:306 - Signal bus
   jpeg_encoder/jpegencoder/U_FDCT/U_MDCT/U_DCT2D/Mmux_dcto_1[23]_dcto_1[23]_mux
   _93_OUT_A_rs_B[19 : 3] on block hdmi2usb is not reconstructed, because there
   are some missing bus signals.
WARNING:NetListWriters:306 - Signal bus
   jpeg_encoder/jpegencoder/U_FDCT/U_MDCT/U_DCT2D/romodatao[0][13]_romedatao[0][
   13]_mux_88_OUT[23 : 0] on block hdmi2usb is not reconstructed, because there
   are some missing bus signals.
WARNING:NetListWriters:306 - Signal bus
   jpeg_encoder/jpegencoder/U_FDCT/U_MDCT/U_DCT2D/Mmux_romodatao[0][13]_romedata
   o[0][13]_mux_88_OUT_rs_B[19 : 2] on block hdmi2usb is not reconstructed,
   because there are some missing bus signals.
WARNING:NetListWriters:306 - Signal bus
   jpeg_encoder/jpegencoder/U_FDCT/U_MDCT/U_DCT2D/Mmux_romodatao[0][13]_romedata
   o[0][13]_mux_88_OUT_A_rs_B[19 : 1] on block hdmi2usb is not reconstructed,
   because there are some missing bus signals.
WARNING:NetListWriters:306 - Signal bus
   jpeg_encoder/jpegencoder/U_FDCT/U_MDCT/U_DCT2D/Mmux_romodatao[0][13]_romedata
   o[0][13]_mux_88_OUT_A_rs_A[18 : 1] on block hdmi2usb is not reconstructed,
   because there are some missing bus signals.
  finished :Prep
Writing EDIF netlist file hdmi2usb.edif ...
ngc2edif: Total memory usage is 99264 kilobytes

