C51 COMPILER V7.07   FW                                                                    01/26/2013 11:11:34 PAGE 1   


C51 COMPILER V7.07, COMPILATION OF MODULE FW
OBJECT MODULE PLACED IN .\output\fw.obj
COMPILER INVOKED BY: C:\Keil\C51\BIN\C51.EXE fw.c BROWSE INCDIR(C:\Cypress\USB\CY3684_EZ-USB_FX2LP_DVK\1.0\Target\Inc;C:
                    -\Cypress\USB\CY3684_EZ-USB_FX2LP_DVK\1.0\uV2_4k\C51\INC) DEBUG OBJECTEXTEND PRINT(.\output\fw.lst) OBJECT(.\output\fw.ob
                    -j)

stmt level    source

   1          //-----------------------------------------------------------------------------
   2          //   File:      fw.c
   3          //   Contents:  Firmware frameworks task dispatcher and device request parser
   4          //
   5          // $Archive: /USB/Examples/FX2LP/bulkext/fw.c $
   6          // $Date: 3/23/05 2:53p $
   7          // $Revision: 8 $
   8          //
   9          //
  10          //-----------------------------------------------------------------------------
  11          // Copyright 2003, Cypress Semiconductor Corporation
  12          //-----------------------------------------------------------------------------
  13          #include "fx2.h"
  14          #include "fx2regs.h"
  15          //#include "syncdly.h"            // SYNCDELAY macro
  16          
  17          //-----------------------------------------------------------------------------
  18          // Constants
  19          //-----------------------------------------------------------------------------
  20          #define DELAY_COUNT   0x9248*8L  // Delay for 8 sec at 24Mhz, 4 sec at 48
  21          #define _IFREQ  24000            // IFCLK constant for Synchronization Delay
  22          #define _CFREQ  24000            // CLKOUT constant for Synchronization Delay
  23          //#define       _SCYCL  1
  24          
  25          
  26          //-----------------------------------------------------------------------------
  27          // Random Macros
  28          //-----------------------------------------------------------------------------
  29          #define   min(a,b) (((a)<(b))?(a):(b))
  30          #define   max(a,b) (((a)>(b))?(a):(b))
  31          
  32          #include "fx2sdly.h"
  33          //----------------------------------------------------------------------------
  34          //      UVC definations
  35          //----------------------------------------------------------------------------
  36          #define         UVC_SET_INTERFACE               0x21    // SET_Interface : UVC
  37          #define         UVC_GET_INTERFACE               0xA1    // GET_Interface : UVC
  38          
  39          #define         UVC_SET_ENDPOINT                0x22    // SET_ENDPOINT : UVC
  40          #define         UVC_GET_ENDPOINT                0xA2    // GET_ENDPOINT : UVC
  41          
  42          
  43          #define RC_UNDEFINED    0x00
  44          #define SET_CUR                 0x01
  45          #define SET_CUR_ALL     0x11
  46          #define GET_CUR                 0x81 // 1
  47          #define GET_MIN                 0x82 //
  48          #define GET_MAX                 0x83 // 2
  49          #define GET_RES                 0x84
  50          #define GET_LEN                 0x85
  51          #define GET_INFO                0x86
  52          #define GET_DEF                 0x87
  53          #define GET_CUR_ALL     0x91
C51 COMPILER V7.07   FW                                                                    01/26/2013 11:11:34 PAGE 2   

  54          #define GET_MIN_ALL     0x92
  55          #define GET_MAX_ALL     0x93
  56          #define GET_RES_ALL     0x94
  57          #define GET_DEF_ALL     0x97
  58          
  59          
  60          //-----------------------------------------------------------------------------
  61          // Global Variables
  62          //-----------------------------------------------------------------------------
  63          volatile  BOOL   GotSUD;
  64          BOOL      Rwuen;
  65          BOOL      Selfpwr;
  66          volatile BOOL   Sleep;                  // Sleep mode enable flag
  67          
  68          WORD   pDeviceDscr;   // Pointer to Device Descriptor; Descriptors may be moved
  69          WORD   pDeviceQualDscr;
  70          WORD   pHighSpeedConfigDscr;
  71          WORD   pFullSpeedConfigDscr;   
  72          WORD   pConfigDscr;
  73          WORD   pOtherConfigDscr;   
  74          WORD   pStringDscr;   
  75          WORD   pUserDscr;   
  76          WORD   pVSUserDscr;   
  77          
  78          BYTE valuesArray[26]=    
  79          {
  80                  0x00,0x00,                       /* bmHint : No fixed parameters */
  81              0x01,                            /* Use 1st Video format index */
  82              0x01,                            /* Use 1st Video frame index */
  83              0x2A,0x2C,0x0A,0x00,             /* Desired frame interval in 100ns */
  84              0x00,0x00,                       /* Key frame rate in key frame/video frame units */
  85              0x00,0x00,                       /* PFrame rate in PFrame / key frame units */
  86              0x00,0x00,                       /* Compression quality control */
  87              0x00,0x00,                       /* Window size for average bit rate */
  88              0x00,0x00,                       /* Internal video streaming i/f latency in ms */
  89              0x00,0x90,0x01,0x00,             /* Max video frame size in bytes (100KB) */
  90              0x00,0x04,0x00,0x00              /* No. of bytes device can rx in single payload */
  91              // 0x00,0x00,0x01,0x00              /* No. of bytes device can rx in single payload */
  92          };
  93          //-----------------------------------------------------------------------------
  94          // Prototypes
  95          //-----------------------------------------------------------------------------
  96          void SetupCommand(void);
  97          //void TD_Init(void);
  98          //void TD_Poll(void);
  99          BOOL TD_Suspend(void);
 100          BOOL TD_Resume(void);
 101          
 102          BOOL DR_GetDescriptor(void);
 103          BOOL DR_SetConfiguration(void);
 104          BOOL DR_GetConfiguration(void);
 105          BOOL DR_SetInterface(void);
 106          BOOL DR_GetInterface(void);
 107          BOOL DR_GetStatus(void);
 108          BOOL DR_ClearFeature(void);
 109          BOOL DR_SetFeature(void);
 110          BOOL DR_VendorCmnd(void);
 111          
 112          // this table is used by the epcs macro 
 113          const char code  EPCS_Offset_Lookup_Table[] =
 114          {
 115             0,    // EP1OUT
C51 COMPILER V7.07   FW                                                                    01/26/2013 11:11:34 PAGE 3   

 116             1,    // EP1IN
 117             2,    // EP2OUT
 118             2,    // EP2IN
 119             3,    // EP4OUT
 120             3,    // EP4IN
 121             4,    // EP6OUT
 122             4,    // EP6IN
 123             5,    // EP8OUT
 124             5,    // EP8IN
 125          };
 126          
 127          // macro for generating the address of an endpoint's control and status register (EPnCS)
 128          #define epcs(EP) (EPCS_Offset_Lookup_Table[(EP & 0x7E) | (EP > 128)] + 0xE6A1)
 129          
 130          //-----------------------------------------------------------------------------
 131          // Code
 132          //-----------------------------------------------------------------------------
 133          // unsigned char code LEDSegTabel[] = 
 134          // {
 135              // 0x44, 0xf5, 0x1c, 0x94, 0xa5,
 136                  // 0x86, 0x06, 0xf4, 0x04, 0x84, 
 137                  // 0x24, 0x07, 0x4e, 0x15, 0x0e, 0x2e};
 138          #define SHRCLK 4
 139          #define LATCLK 5
 140          #define SDI    6
 141          // void CY_IOInit(void)
 142          // {
 143              // OEA = 0x0f;
 144                  // IOA = 0x0f;
 145          // }
 146          
 147          void DelayMs(void)
 148          {
 149   1         unsigned long t = 40000;
 150   1         while(t--);
 151   1      }
 152          /*
 153          void DispLeds(unsigned short value)
 154          {
 155              unsigned char Bitcnt = 16;
 156                  
 157                  IOE &= ~(1 << LATCLK);
 158                  for (Bitcnt = 0; Bitcnt < 16; Bitcnt++)
 159                  {
 160                      IOE &= ~(1 << SHRCLK);
 161                          (value&0x8000)?(IOE |= (1 << SDI)):(IOE &= ~(1 << SDI));
 162                          IOE |= (1 << SHRCLK);
 163                          value <<= 1;
 164                  }
 165                  IOE |= (1 << LATCLK);
 166          }
 167          */
 168          unsigned short xdata ExtMem[0x4000] _at_ 0x4000;
 169          void ExtMemTest(void)
 170          {
 171   1              unsigned short counter = 0;
 172   1      
 173   1          for (;counter < 0x4000; counter++)
 174   1              {
 175   2                  ExtMem[counter] = counter;
 176   2              }
 177   1              counter = 0;
C51 COMPILER V7.07   FW                                                                    01/26/2013 11:11:34 PAGE 4   

 178   1              for (;counter < 0x4000; counter++)
 179   1              {
 180   2                      if (counter != ExtMem[counter])
 181   2                      {
 182   3                          while(1)
 183   3                              {
 184   4                                      IOB ^= 0XFF;
 185   4                                      DelayMs();
 186   4                              }
 187   3                      }
 188   2              }
 189   1      }
 190          //[YourCompany]%DeviceDesc%=CyLoad, USB\VID_04B4&PID_0084
 191          // Task dispatcher
 192          void main(void)
 193          {
 194   1      //   DWORD   i;
 195   1      //   WORD   offset;
 196   1      //   DWORD   DevDescrLen;
 197   1         DWORD   j=0;
 198   1      //   WORD   IntDescrAddr;
 199   1      //   WORD   ExtDescrAddr;
 200   1      
 201   1      
 202   1         // Initialize Global States
 203   1         Sleep = FALSE;               // Disable sleep mode
 204   1         Rwuen = FALSE;               // Disable remote wakeup
 205   1         Selfpwr = FALSE;            // Disable self powered
 206   1         GotSUD = FALSE;               // Clear "Got setup data" flag
 207   1      
 208   1         
 209   1      
 210   1         //==========================================================
 211   1        // CPUCS = 0x10; // CLKSPD[1:0]=10, for 48MHz operation, output CLKOUT
 212   1        SYNCDELAY;
 213   1       FIFOPINPOLAR = 0x00;
 214   1      SYNCDELAY;
 215   1        // PINFLAGSAB = 0x08;                 // FLAGA - EP6FF
 216   1        PINFLAGSAB = 0x00;                    // FLAGA - EP6FF
 217   1        SYNCDELAY;
 218   1        // PINFLAGSCD = 0xE0;                 // FLAGD - EP2EF
 219   1        PINFLAGSCD = 0x00;                    // FLAGD - EP2EF
 220   1        SYNCDELAY;
 221   1        PORTACFG |= 0x80;
 222   1        SYNCDELAY;
 223   1        IFCONFIG = 0xE3; // for async? for sync?
 224   1      SYNCDELAY;
 225   1        // IFCLKSRC=1   , FIFOs executes on internal clk source 
 226   1        // xMHz=1       , 48MHz operation
 227   1        // IFCLKOE=1    ,Drive IFCLK pin signal at 48MHz
 228   1        // IFCLKPOL=0   , Don't invert IFCLK pin signal from internal clk
 229   1        // ASYNC=0      , master samples synchronous
 230   1        // GSTATE=0     , Don't drive GPIF states out on PORTE[2:0], debug WF
 231   1        // IFCFG[1:0]=11, FX2 in slave FIFO mode
 232   1      
 233   1      
 234   1        // Registers which require a synchronization delay, see section 15.14
 235   1        // FIFORESET        FIFOPINPOLAR
 236   1        // INPKTEND         OUTPKTEND
 237   1        // EPxBCH:L         REVCTL
 238   1        // GPIFTCB3         GPIFTCB2
 239   1        // GPIFTCB1         GPIFTCB0
C51 COMPILER V7.07   FW                                                                    01/26/2013 11:11:34 PAGE 5   

 240   1        // EPxFIFOPFH:L     EPxAUTOINLENH:L
 241   1        // EPxFIFOCFG       EPxGPIFFLGSEL
 242   1        // PINFLAGSxx       EPxFIFOIRQ
 243   1        // EPxFIFOIE        GPIFIRQ
 244   1        // GPIFIE           GPIFADRH:L
 245   1        // UDMACRCH:L       EPxGPIFTRIG
 246   1        // GPIFTRIG
 247   1        
 248   1        // Note: The pre-REVE EPxGPIFTCH/L register are affected, as well...
 249   1        //      ...these have been replaced by GPIFTC[B3:B0] registers
 250   1      
 251   1      
 252   1        
 253   1       
 254   1      
 255   1        // EP4 and EP8 are not used in this implementation...
 256   1                         
 257   1        EP2CFG = 0xA2;                //out 512 bytes, 2x, bulk
 258   1        SYNCDELAY;                    
 259   1        EP6CFG = 0xE2;                // in 512 bytes, 2x, bulk
 260   1        SYNCDELAY;              
 261   1        EP4CFG = 0xE2;                // in 512 bytes, 2x, bulk
 262   1        SYNCDELAY;                     
 263   1        EP8CFG = 0x02;                //clear valid bit
 264   1        SYNCDELAY;   
 265   1      
 266   1        SYNCDELAY;
 267   1        FIFORESET = 0x80;             // activate NAK-ALL to avoid race conditions
 268   1        SYNCDELAY;                    // see TRM section 15.14
 269   1        FIFORESET = 0x02;             // reset, FIFO 2
 270   1        SYNCDELAY;                    // 
 271   1        FIFORESET = 0x04;             // reset, FIFO 4
 272   1        SYNCDELAY;                    // 
 273   1        FIFORESET = 0x06;             // reset, FIFO 6
 274   1        SYNCDELAY;                    // 
 275   1        FIFORESET = 0x08;             // reset, FIFO 8
 276   1        SYNCDELAY;                    // 
 277   1        FIFORESET = 0x00;             // deactivate NAK-ALL
 278   1      
 279   1      
 280   1        // handle the case where we were already in AUTO mode...
 281   1        // ...for example: back to back firmware downloads...
 282   1        SYNCDELAY;                    // 
 283   1        EP2FIFOCFG = 0x00;            // AUTOOUT=0, WORDWIDE=1
 284   1        
 285   1        // core needs to see AUTOOUT=0 to AUTOOUT=1 switch to arm endp's
 286   1        
 287   1        SYNCDELAY;                    // 
 288   1        EP2FIFOCFG = 0x10;            // AUTOOUT=1, WORDWIDE=1
 289   1        
 290   1        SYNCDELAY;                    // 
 291   1        EP4FIFOCFG = 0x0C;            // AUTOIN=1, ZEROLENIN=1, WORDWIDE=1
 292   1          SYNCDELAY;  
 293   1        EP6FIFOCFG = 0x0C;            // AUTOIN=1, ZEROLENIN=1, WORDWIDE=1
 294   1      
 295   1        SYNCDELAY;
 296   1      
 297   1      
 298   1        
 299   1              EP2AUTOINLENH = 0x02; // EZ-USB automatically commits data in 512-byte chunks
 300   1              SYNCDELAY;
 301   1              EP2AUTOINLENL = 0x00;
C51 COMPILER V7.07   FW                                                                    01/26/2013 11:11:34 PAGE 6   

 302   1              SYNCDELAY;
 303   1              
 304   1              EP4AUTOINLENH = 0x02; // EZ-USB automatically commits data in 512-byte chunks
 305   1              SYNCDELAY;
 306   1              EP4AUTOINLENL = 0x00;
 307   1              SYNCDELAY;
 308   1              
 309   1              EP6AUTOINLENH = 0x02; // EZ-USB automatically commits data in 512-byte chunks
 310   1              SYNCDELAY;
 311   1              EP6AUTOINLENL = 0x00;
 312   1              SYNCDELAY;
 313   1              
 314   1              //==============================================================================
 315   1              // PORTACFG = 0x00; // 
 316   1              // SYNCDELAY;
 317   1      
 318   1              // OEA = 0xFF;
 319   1              // IOA = 0x00; 
 320   1              
 321   1              
 322   1              OED = 0xFF;
 323   1              IOD = 0xFF; 
 324   1         //==========================================================
 325   1      
 326   1         
 327   1         // Initialize user device
 328   1         // TD_Init();
 329   1              // CY_IOInit();
 330   1         // The following section of code is used to relocate the descriptor table. 
 331   1         // The frameworks uses SUDPTRH and SUDPTRL to automate the SETUP requests
 332   1         // for descriptors.  These registers only work with memory locations
 333   1         // in the EZ-USB internal RAM.  Therefore, if the descriptors are located
 334   1         // in external RAM, they must be copied to in internal RAM.  
 335   1         // The descriptor table is relocated by the frameworks ONLY if it is found 
 336   1         // to be located in external memory.
 337   1         pDeviceDscr = (WORD)&DeviceDscr;
 338   1         pDeviceQualDscr = (WORD)&DeviceQualDscr;
 339   1         pHighSpeedConfigDscr = (WORD)&HighSpeedConfigDscr;
 340   1         pFullSpeedConfigDscr = (WORD)&FullSpeedConfigDscr;
 341   1         pStringDscr = (WORD)&StringDscr;
 342   1         pUserDscr = (WORD)&UserDscr;
 343   1         //pVSUserDscr = (WORD) & VSUserDscr;
 344   1      
 345   1      
 346   1      
 347   1         // Is the descriptor table in external RAM (> 16Kbytes)?  If yes,
 348   1         // then relocate.
 349   1         // Note that this code only checks if the descriptors START in 
 350   1         // external RAM.  It will not work if the descriptor table spans
 351   1         // internal and external RAM.
 352   1      /*   if ((WORD)&DeviceDscr & 0xC000)
 353   1         {
 354   1            // first, relocate the descriptors
 355   1            IntDescrAddr = INTERNAL_DSCR_ADDR;
 356   1            ExtDescrAddr = (WORD)&DeviceDscr;
 357   1            DevDescrLen = (WORD)&UserDscr - (WORD)&DeviceDscr + 2;
 358   1            for (i = 0; i < DevDescrLen; i++)
 359   1               *((BYTE xdata *)IntDescrAddr+i) = *((BYTE xdata *)ExtDescrAddr+i);
 360   1      
 361   1            // update all of the descriptor pointers
 362   1            pDeviceDscr = IntDescrAddr;
 363   1            offset = (WORD)&DeviceDscr - INTERNAL_DSCR_ADDR;
C51 COMPILER V7.07   FW                                                                    01/26/2013 11:11:34 PAGE 7   

 364   1            pDeviceQualDscr -= offset;
 365   1            pConfigDscr -= offset;
 366   1            pOtherConfigDscr -= offset;
 367   1            pHighSpeedConfigDscr -= offset;
 368   1            pFullSpeedConfigDscr -= offset;
 369   1            pStringDscr -= offset;
 370   1         }
 371   1      */
 372   1         EZUSB_IRQ_ENABLE();            // Enable USB interrupt (INT2)
 373   1         EZUSB_ENABLE_RSMIRQ();            // Wake-up interrupt
 374   1      
 375   1         INTSETUP |= (bmAV2EN | bmAV4EN);     // Enable INT 2 & 4 autovectoring
 376   1      
 377   1         USBIE |= bmSUDAV | bmSUTOK | bmSUSP | bmURES | bmHSGRANT;   // Enable selected interrupts
 378   1         EA = 1;                  // Enable 8051 interrupts
 379   1      #ifndef NO_RENUM
 380   1         // Renumerate if necessary.  Do this by checking the renum bit.  If it
 381   1         // is already set, there is no need to renumerate.  The renum bit will
 382   1         // already be set if this firmware was loaded from an eeprom.
 383   1         if(!(USBCS & bmRENUM))
 384   1         {
 385   2             EZUSB_Discon(TRUE);   // renumerate
 386   2         }
 387   1      #endif
 388   1      
 389   1         // unconditionally re-connect.  If we loaded from eeprom we are
 390   1         // disconnected and need to connect.  If we just renumerated this
 391   1         // is not necessary but doesn't hurt anything
 392   1         USBCS &=~bmDISCON;
 393   1      
 394   1         CKCON = (CKCON&(~bmSTRETCH)) | FW_STRETCH_VALUE; // Set stretch
 395   1      
 396   1         // clear the Sleep flag.
 397   1         Sleep = FALSE;
 398   1         GotSUD = FALSE;          // Clear SETUP flag
 399   1      
 400   1         // Task Dispatcher
 401   1         while(TRUE)               // Main Loop
 402   1         {
 403   2            // Poll User Device
 404   2            //TD_Poll();
 405   2            // Check for pending SETUP
 406   2            if(GotSUD)
 407   2            {
 408   3               SetupCommand();          // Implement setup command
 409   3               GotSUD = FALSE;          // Clear SETUP flag
 410   3            }
 411   2      
 412   2            // check for and handle suspend.
 413   2            // NOTE: Idle mode stops the processor clock.  There are only two
 414   2            // ways out of idle mode, the WAKEUP pin, and detection of the USB
 415   2            // resume state on the USB bus.  The timers will stop and the
 416   2            // processor will not wake up on any other interrupts.
 417   2            if (Sleep)
 418   2            {
 419   3               if(TD_Suspend())
 420   3               { 
 421   4                  Sleep = FALSE;     // Clear the "go to sleep" flag.  Do it here to prevent any race condition 
             -between wakeup and the next sleep.
 422   4                  do
 423   4                  {
 424   5                     EZUSB_Susp();         // Place processor in idle mode.
C51 COMPILER V7.07   FW                                                                    01/26/2013 11:11:34 PAGE 8   

 425   5                  }
 426   4                  while(!Rwuen && EZUSB_EXTWAKEUP());
 427   4                  // above.  Must continue to go back into suspend if the host has disabled remote wakeup
 428   4                  // *and* the wakeup was caused by the external wakeup pin.
 429   4      
 430   4                  // 8051 activity will resume here due to USB bus or Wakeup# pin activity.
 431   4                  EZUSB_Resume();   // If source is the Wakeup# pin, signal the host to Resume.      
 432   4                  TD_Resume();
 433   4               }   
 434   3            }
 435   2      
 436   2         }
 437   1      }
 438          
 439          BOOL HighSpeedCapable()
 440          {
 441   1         // this function determines if the chip is high-speed capable.
 442   1         // FX2 and FX2LP are high-speed capable. FX1 is not - it does
 443   1         // not have a high-speed transceiver.
 444   1      
 445   1         if (GPCR2 & bmFULLSPEEDONLY)
 446   1            return FALSE;
 447   1         else
 448   1            return TRUE;
 449   1      }   
 450          
 451          // Device request parser
 452          void SetupCommand(void)
 453          {
 454   1         void   *dscr_ptr;
 455   1         BYTE    i,length;
 456   1      
 457   1         if ((SETUPDAT[0]==UVC_SET_INTERFACE)|(SETUPDAT[0]==UVC_GET_INTERFACE)|(SETUPDAT[0]==UVC_SET_ENDPOINT)|(
             -SETUPDAT[0]==UVC_GET_ENDPOINT))
 458   1         {
 459   2         length = 26;//SETUPDAT[7];
 460   2              if ((SETUPDAT[1]==GET_CUR)|(SETUPDAT[1]==GET_MIN)|(SETUPDAT[1]==GET_MAX))
 461   2              {       
 462   3                      for (i=0;i<length-1;i++)
 463   3                      EP0BUF[i] = valuesArray[i];
 464   3                      EP0BCH = 0;
 465   3                      EP0BCL = length;//SETUPDAT[7];  
 466   3                      
 467   3      
 468   3              }
 469   2              else 
 470   2              {
 471   3                      // for (i=0;i<length;i++)
 472   3                      // valuesArray[i]=EP0BUF[i];
 473   3                              
 474   3                      EP0BCH = 0; // ACK
 475   3              EP0BCL = 0; // ACK 
 476   3              
 477   3      
 478   3              }
 479   2      
 480   2                      // IOA = 0xFF; 
 481   2         
 482   2         }
 483   1         else
 484   1         switch(SETUPDAT[1])
 485   1         {
C51 COMPILER V7.07   FW                                                                    01/26/2013 11:11:34 PAGE 9   

 486   2                
 487   2            case SC_GET_DESCRIPTOR:                  // *** Get Descriptor
 488   2               if(DR_GetDescriptor())
 489   2                  switch(SETUPDAT[3])         
 490   2                  {
 491   3                     case GD_DEVICE:            // Device
 492   3                                 IOA = 0x00;
 493   3                        SUDPTRH = MSB(pDeviceDscr);
 494   3                        SUDPTRL = LSB(pDeviceDscr);
 495   3                        break;
 496   3                     case GD_DEVICE_QUALIFIER:            // Device Qualifier
 497   3                                        // only retuen a device qualifier if this is a high speed
 498   3                                        // capable chip.
 499   3                                        if (HighSpeedCapable())
 500   3                                        {
 501   4                                SUDPTRH = MSB(pDeviceQualDscr);
 502   4                                SUDPTRL = LSB(pDeviceQualDscr);
 503   4                                        }
 504   3                                        else
 505   3                                        {
 506   4                                                EZUSB_STALL_EP0();
 507   4                                        }
 508   3                                        break;
 509   3                     case GD_CONFIGURATION:         // Configuration
 510   3                        SUDPTRH = MSB(pConfigDscr);
 511   3                        SUDPTRL = LSB(pConfigDscr);
 512   3                        break;
 513   3                     case GD_OTHER_SPEED_CONFIGURATION:  // Other Speed Configuration
 514   3                        SUDPTRH = MSB(pOtherConfigDscr);
 515   3                        SUDPTRL = LSB(pOtherConfigDscr);
 516   3                        break;
 517   3                     case GD_STRING:            // String
 518   3                        if(dscr_ptr = (void *)EZUSB_GetStringDscr(SETUPDAT[2]))
 519   3                        {
 520   4                           SUDPTRH = MSB(dscr_ptr);
 521   4                           SUDPTRL = LSB(dscr_ptr);
 522   4                        }
 523   3                        else 
 524   3                           EZUSB_STALL_EP0();   // Stall End Point 0
 525   3                        break;
 526   3                     default:            // Invalid request
 527   3                        EZUSB_STALL_EP0();      // Stall End Point 0
 528   3                  }
 529   2               break;
 530   2            case SC_GET_INTERFACE:                  // *** Get Interface
 531   2               DR_GetInterface();
 532   2               break;
 533   2            case SC_SET_INTERFACE:                  // *** Set Interface
 534   2               DR_SetInterface();
 535   2               break;
 536   2            case SC_SET_CONFIGURATION:               // *** Set Configuration
 537   2               DR_SetConfiguration();
 538   2               break;
 539   2            case SC_GET_CONFIGURATION:               // *** Get Configuration
 540   2               DR_GetConfiguration();
 541   2               break;
 542   2            case SC_GET_STATUS:                  // *** Get Status
 543   2               if(DR_GetStatus())
 544   2                  switch(SETUPDAT[0])
 545   2                  {
 546   3                     case GS_DEVICE:            // Device
 547   3                        EP0BUF[0] = ((BYTE)Rwuen << 1) | (BYTE)Selfpwr;
C51 COMPILER V7.07   FW                                                                    01/26/2013 11:11:34 PAGE 10  

 548   3                        EP0BUF[1] = 0;
 549   3                        EP0BCH = 0;
 550   3                        EP0BCL = 2;
 551   3                        break;
 552   3                     case GS_INTERFACE:         // Interface
 553   3                        EP0BUF[0] = 0;
 554   3                        EP0BUF[1] = 0;
 555   3                        EP0BCH = 0;
 556   3                        EP0BCL = 2;
 557   3                        break;
 558   3                     case GS_ENDPOINT:         // End Point
 559   3                        EP0BUF[0] = *(BYTE xdata *) epcs(SETUPDAT[4]) & bmEPSTALL;
 560   3                        EP0BUF[1] = 0;
 561   3                        EP0BCH = 0;
 562   3                        EP0BCL = 2;
 563   3                        break;
 564   3                     default:            // Invalid Command
 565   3                        EZUSB_STALL_EP0();      // Stall End Point 0
 566   3                  }
 567   2               break;
 568   2            case SC_CLEAR_FEATURE:                  // *** Clear Feature
 569   2               if(DR_ClearFeature())
 570   2                  switch(SETUPDAT[0])
 571   2                  {
 572   3                     case FT_DEVICE:            // Device
 573   3                        if(SETUPDAT[2] == 1)
 574   3                           Rwuen = FALSE;       // Disable Remote Wakeup
 575   3                        else
 576   3                           EZUSB_STALL_EP0();   // Stall End Point 0
 577   3                        break;
 578   3                     case FT_ENDPOINT:         // End Point
 579   3                        if(SETUPDAT[2] == 0)
 580   3                        {
 581   4                           *(BYTE xdata *) epcs(SETUPDAT[4]) &= ~bmEPSTALL;
 582   4                           EZUSB_RESET_DATA_TOGGLE( SETUPDAT[4] );
 583   4                        }
 584   3                        else
 585   3                           EZUSB_STALL_EP0();   // Stall End Point 0
 586   3                        break;
 587   3                  }
 588   2               break;
 589   2            case SC_SET_FEATURE:                  // *** Set Feature
 590   2               if(DR_SetFeature())
 591   2                  switch(SETUPDAT[0])
 592   2                  {
 593   3                     case FT_DEVICE:            // Device
 594   3                        if(SETUPDAT[2] == 1)
 595   3                           Rwuen = TRUE;      // Enable Remote Wakeup
 596   3                        else if(SETUPDAT[2] == 2)
 597   3                           // Set Feature Test Mode.  The core handles this request.  However, it is
 598   3                           // necessary for the firmware to complete the handshake phase of the
 599   3                           // control transfer before the chip will enter test mode.  It is also
 600   3                           // necessary for FX2 to be physically disconnected (D+ and D-)
 601   3                           // from the host before it will enter test mode.
 602   3                           break;
 603   3                        else
 604   3                           EZUSB_STALL_EP0();   // Stall End Point 0
 605   3                        break;
 606   3                     case FT_ENDPOINT:         // End Point
 607   3                        *(BYTE xdata *) epcs(SETUPDAT[4]) |= bmEPSTALL;
 608   3                        break;
 609   3                     default:
C51 COMPILER V7.07   FW                                                                    01/26/2013 11:11:34 PAGE 11  

 610   3                        EZUSB_STALL_EP0();      // Stall End Point 0
 611   3                  }
 612   2               break;
 613   2            default:                     // *** Invalid Command
 614   2               if(DR_VendorCmnd())
 615   2                  EZUSB_STALL_EP0();            // Stall End Point 0
 616   2         }
 617   1      
 618   1         // Acknowledge handshake phase of device request
 619   1         EP0CS |= bmHSNAK;
 620   1      }
 621          
 622          // Wake-up interrupt handler
 623          void resume_isr(void) interrupt WKUP_VECT
 624          {
 625   1         EZUSB_CLEAR_RSMIRQ();
 626   1      }
 627          
 628          


MODULE INFORMATION:   STATIC OVERLAYABLE
   CODE SIZE        =   1225    ----
   CONSTANT SIZE    =     10    ----
   XDATA SIZE       =   ----    ----
   PDATA SIZE       =   ----    ----
   DATA SIZE        =     44       8
   IDATA SIZE       =   ----    ----
   BIT SIZE         =      4    ----
END OF MODULE INFORMATION.


C51 COMPILATION COMPLETE.  0 WARNING(S),  0 ERROR(S)
